[main] 2021-08-18 10:59:36 INFO  shop.app.Main  - *******************************************
[main] 2021-08-18 10:59:36 INFO  shop.app.Main  -      Well Come To Online Shop             
[main] 2021-08-18 10:59:36 INFO  shop.app.Main  - ********************************************
[main] 2021-08-18 10:59:36 INFO  shop.app.Main  - 1-> Create Customer Account
[main] 2021-08-18 10:59:36 INFO  shop.app.Main  - 2-> Customer Login
[main] 2021-08-18 10:59:36 INFO  shop.app.Main  - 3-> You Are Developer 
[main] 2021-08-18 10:59:36 INFO  shop.app.Main  - 4-> Exit
[main] 2021-08-18 10:59:36 INFO  shop.app.Main  - Enter Your Choice Between (1-3)
[main] 2021-08-18 10:59:36 INFO  shop.app.Main  - ==============================================
[main] 2021-08-18 10:59:59 INFO  shop.app.Main  - Ready For Registration Process...Please Select Below Option 
[main] 2021-08-18 10:59:59 INFO  shop.app.Main  - 1->   Go For Registration----) 
[main] 2021-08-18 10:59:59 INFO  shop.app.Main  - 2->   Go Back  
[main] 2021-08-18 10:59:59 INFO  shop.app.Main  - Enter Your Choice
[main] 2021-08-18 10:59:59 INFO  shop.app.Main  - =============================================
[main] 2021-08-18 11:00:00 INFO  shop.app.Main  - ===================================
[main] 2021-08-18 11:00:00 INFO  shop.app.Main  -          Enter Below Details       
[main] 2021-08-18 11:00:00 INFO  shop.app.Main  - ===================================
[main] 2021-08-18 11:00:00 INFO  shop.app.Main  - Enter Your First Name
[main] 2021-08-18 11:00:05 INFO  shop.app.Main  - ******Thank You******
[main] 2021-08-18 11:00:05 INFO  shop.app.Main  - Ready For Registration Process...Please Select Below Option 
[main] 2021-08-18 11:00:05 INFO  shop.app.Main  - 1->   Go For Registration----) 
[main] 2021-08-18 11:00:05 INFO  shop.app.Main  - 2->   Go Back  
[main] 2021-08-18 11:00:05 INFO  shop.app.Main  - Enter Your Choice
[main] 2021-08-18 11:00:05 INFO  shop.app.Main  - =============================================
[main] 2021-08-18 11:02:03 INFO  shop.app.Main  - *******************************************
[main] 2021-08-18 11:02:03 INFO  shop.app.Main  -      Well Come To Online Shop             
[main] 2021-08-18 11:02:03 INFO  shop.app.Main  - ********************************************
[main] 2021-08-18 11:02:03 INFO  shop.app.Main  - 1-> Create Customer Account
[main] 2021-08-18 11:02:03 INFO  shop.app.Main  - 2-> Customer Login
[main] 2021-08-18 11:02:03 INFO  shop.app.Main  - 3-> You Are Developer 
[main] 2021-08-18 11:02:03 INFO  shop.app.Main  - 4-> Exit
[main] 2021-08-18 11:02:03 INFO  shop.app.Main  - Enter Your Choice Between (1-3)
[main] 2021-08-18 11:02:03 INFO  shop.app.Main  - ==============================================
[main] 2021-08-18 11:02:07 INFO  shop.app.Main  - Ready For Registration Process...Please Select Below Option 
[main] 2021-08-18 11:02:07 INFO  shop.app.Main  - 1->   Go For Registration----) 
[main] 2021-08-18 11:02:07 INFO  shop.app.Main  - 2->   Go Back  
[main] 2021-08-18 11:02:07 INFO  shop.app.Main  - Enter Your Choice
[main] 2021-08-18 11:02:07 INFO  shop.app.Main  - =============================================
[main] 2021-08-18 11:02:08 INFO  shop.app.Main  - ===================================
[main] 2021-08-18 11:02:08 INFO  shop.app.Main  -          Enter Below Details       
[main] 2021-08-18 11:02:08 INFO  shop.app.Main  - ===================================
[main] 2021-08-18 11:02:08 INFO  shop.app.Main  - Enter Your First Name
[main] 2021-08-18 11:02:10 INFO  shop.app.Main  - Enter Your Last Name
[main] 2021-08-18 11:02:11 INFO  shop.app.Main  - Enter Your Email Name
[main] 2021-08-18 11:02:12 INFO  shop.app.Main  - Enter Your Password Name
[main] 2021-08-18 11:02:13 INFO  shop.app.Main  - ******Thank You******
[main] 2021-08-18 11:02:13 INFO  shop.app.Main  - Ready For Registration Process...Please Select Below Option 
[main] 2021-08-18 11:02:13 INFO  shop.app.Main  - 1->   Go For Registration----) 
[main] 2021-08-18 11:02:13 INFO  shop.app.Main  - 2->   Go Back  
[main] 2021-08-18 11:02:13 INFO  shop.app.Main  - Enter Your Choice
[main] 2021-08-18 11:02:13 INFO  shop.app.Main  - =============================================
[main] 2021-08-18 12:02:01 INFO  shop.app.Main  - *******************************************
[main] 2021-08-18 12:02:01 INFO  shop.app.Main  -      Well Come To Online Shop             
[main] 2021-08-18 12:02:01 INFO  shop.app.Main  - ********************************************
[main] 2021-08-18 12:02:01 INFO  shop.app.Main  - 1-> Create Customer Account
[main] 2021-08-18 12:02:01 INFO  shop.app.Main  - 2-> Customer Login
[main] 2021-08-18 12:02:01 INFO  shop.app.Main  - 3-> You Are Developer 
[main] 2021-08-18 12:02:01 INFO  shop.app.Main  - 4-> Exit
[main] 2021-08-18 12:02:01 INFO  shop.app.Main  - Enter Your Choice Between (1-3)
[main] 2021-08-18 12:02:01 INFO  shop.app.Main  - ==============================================
[main] 2021-08-18 12:02:11 INFO  shop.app.Main  - Ready For Registration Process...Please Select Below Option 
[main] 2021-08-18 12:02:11 INFO  shop.app.Main  - 1->   Go For Registration----) 
[main] 2021-08-18 12:02:11 INFO  shop.app.Main  - 2->   Go Back  
[main] 2021-08-18 12:02:11 INFO  shop.app.Main  - Enter Your Choice
[main] 2021-08-18 12:02:11 INFO  shop.app.Main  - =============================================
[main] 2021-08-18 12:02:12 INFO  shop.app.Main  - ===================================
[main] 2021-08-18 12:02:12 INFO  shop.app.Main  -          Enter Below Details       
[main] 2021-08-18 12:02:12 INFO  shop.app.Main  - ===================================
[main] 2021-08-18 12:02:12 INFO  shop.app.Main  - Enter Your First Name
[main] 2021-08-18 12:02:16 INFO  shop.app.Main  - Enter Your Last Name
[main] 2021-08-18 12:02:19 INFO  shop.app.Main  - Enter Your Email Name
[main] 2021-08-18 12:02:22 INFO  shop.app.Main  - Enter Your Password Name
[main] 2021-08-18 12:02:24 INFO  shop.app.Main  - Hey Congratulation.......Your Account Created Successfully
[main] 2021-08-18 12:02:24 INFO  shop.app.Main  - ******Thank You******
[main] 2021-08-18 12:02:24 INFO  shop.app.Main  - Ready For Registration Process...Please Select Below Option 
[main] 2021-08-18 12:02:24 INFO  shop.app.Main  - 1->   Go For Registration----) 
[main] 2021-08-18 12:02:24 INFO  shop.app.Main  - 2->   Go Back  
[main] 2021-08-18 12:02:24 INFO  shop.app.Main  - Enter Your Choice
[main] 2021-08-18 12:02:24 INFO  shop.app.Main  - =============================================
[main] 2021-08-18 14:12:39 INFO  shop.app.Main  - *******************************************
[main] 2021-08-18 14:12:39 INFO  shop.app.Main  -      Well Come To Online Shop             
[main] 2021-08-18 14:12:39 INFO  shop.app.Main  - ********************************************
[main] 2021-08-18 14:12:39 INFO  shop.app.Main  - 1-> Create Customer Account
[main] 2021-08-18 14:12:39 INFO  shop.app.Main  - 2-> Customer Login
[main] 2021-08-18 14:12:39 INFO  shop.app.Main  - 3-> You Are Developer 
[main] 2021-08-18 14:12:39 INFO  shop.app.Main  - 4-> Exit
[main] 2021-08-18 14:12:39 INFO  shop.app.Main  - Enter Your Choice Between (1-3)
[main] 2021-08-18 14:12:39 INFO  shop.app.Main  - ==============================================
[main] 2021-08-18 14:12:46 INFO  shop.app.Main  - Ready For Registration Process...Please Select Below Option 
[main] 2021-08-18 14:12:46 INFO  shop.app.Main  - 1->   Go For Registration----) 
[main] 2021-08-18 14:12:46 INFO  shop.app.Main  - 2->   Go Back  
[main] 2021-08-18 14:12:46 INFO  shop.app.Main  - Enter Your Choice
[main] 2021-08-18 14:12:46 INFO  shop.app.Main  - =============================================
[main] 2021-08-18 14:12:50 INFO  shop.app.Main  - ===================================
[main] 2021-08-18 14:12:50 INFO  shop.app.Main  -          Enter Below Details       
[main] 2021-08-18 14:12:50 INFO  shop.app.Main  - ===================================
[main] 2021-08-18 14:12:50 INFO  shop.app.Main  - Enter Your First Name
[main] 2021-08-18 14:13:01 INFO  shop.app.Main  - Enter Your Last Name
[main] 2021-08-18 14:13:08 INFO  shop.app.Main  - Enter Your Email Name
[main] 2021-08-18 14:13:20 INFO  shop.app.Main  - Enter Your Password Name
[main] 2021-08-18 14:13:37 INFO  shop.app.Main  - Hey Congratulation.......Your Account Created Successfully
[main] 2021-08-18 14:13:37 INFO  shop.app.Main  - ******Thank You******
[main] 2021-08-18 14:13:37 INFO  shop.app.Main  - Ready For Registration Process...Please Select Below Option 
[main] 2021-08-18 14:13:37 INFO  shop.app.Main  - 1->   Go For Registration----) 
[main] 2021-08-18 14:13:37 INFO  shop.app.Main  - 2->   Go Back  
[main] 2021-08-18 14:13:37 INFO  shop.app.Main  - Enter Your Choice
[main] 2021-08-18 14:13:37 INFO  shop.app.Main  - =============================================
[main] 2021-08-18 14:14:25 INFO  shop.app.Main  - *******************************************
[main] 2021-08-18 14:14:25 INFO  shop.app.Main  -      Well Come To Online Shop             
[main] 2021-08-18 14:14:25 INFO  shop.app.Main  - ********************************************
[main] 2021-08-18 14:14:25 INFO  shop.app.Main  - 1-> Create Customer Account
[main] 2021-08-18 14:14:25 INFO  shop.app.Main  - 2-> Customer Login
[main] 2021-08-18 14:14:25 INFO  shop.app.Main  - 3-> You Are Developer 
[main] 2021-08-18 14:14:25 INFO  shop.app.Main  - 4-> Exit
[main] 2021-08-18 14:14:25 INFO  shop.app.Main  - Enter Your Choice Between (1-3)
[main] 2021-08-18 14:14:25 INFO  shop.app.Main  - ==============================================
[main] 2021-08-18 14:14:29 INFO  shop.app.Main  - Ready For Registration Process...Please Select Below Option 
[main] 2021-08-18 14:14:29 INFO  shop.app.Main  - 1->   Go For Registration----) 
[main] 2021-08-18 14:14:29 INFO  shop.app.Main  - 2->   Go Back  
[main] 2021-08-18 14:14:29 INFO  shop.app.Main  - Enter Your Choice
[main] 2021-08-18 14:14:29 INFO  shop.app.Main  - =============================================
[main] 2021-08-18 14:14:30 INFO  shop.app.Main  - ===================================
[main] 2021-08-18 14:14:30 INFO  shop.app.Main  -          Enter Below Details       
[main] 2021-08-18 14:14:30 INFO  shop.app.Main  - ===================================
[main] 2021-08-18 14:14:30 INFO  shop.app.Main  - Enter Your First Name
[main] 2021-08-18 14:14:34 INFO  shop.app.Main  - Enter Your Last Name
[main] 2021-08-18 14:14:39 INFO  shop.app.Main  - Enter Your Email Name
[main] 2021-08-18 14:14:47 INFO  shop.app.Main  - Enter Your Password Name
[main] 2021-08-18 14:14:59 INFO  shop.app.Main  - Hey Congratulation.......Your Account Created Successfully
[main] 2021-08-18 14:14:59 INFO  shop.app.Main  - ******Thank You******
[main] 2021-08-18 14:14:59 INFO  shop.app.Main  - Ready For Registration Process...Please Select Below Option 
[main] 2021-08-18 14:14:59 INFO  shop.app.Main  - 1->   Go For Registration----) 
[main] 2021-08-18 14:14:59 INFO  shop.app.Main  - 2->   Go Back  
[main] 2021-08-18 14:14:59 INFO  shop.app.Main  - Enter Your Choice
[main] 2021-08-18 14:14:59 INFO  shop.app.Main  - =============================================
[main] 2021-08-18 14:19:05 INFO  shop.app.Main  - *******************************************
[main] 2021-08-18 14:19:05 INFO  shop.app.Main  -      Well Come To Online Shop             
[main] 2021-08-18 14:19:05 INFO  shop.app.Main  - ********************************************
[main] 2021-08-18 14:19:05 INFO  shop.app.Main  - 1-> Create Customer Account
[main] 2021-08-18 14:19:05 INFO  shop.app.Main  - 2-> Customer Login
[main] 2021-08-18 14:19:05 INFO  shop.app.Main  - 3-> You Are Developer 
[main] 2021-08-18 14:19:05 INFO  shop.app.Main  - 4-> Exit
[main] 2021-08-18 14:19:05 INFO  shop.app.Main  - Enter Your Choice Between (1-3)
[main] 2021-08-18 14:19:05 INFO  shop.app.Main  - ==============================================
[main] 2021-08-18 14:19:12 INFO  shop.app.Main  - Ready For Registration Process...Please Select Below Option 
[main] 2021-08-18 14:19:12 INFO  shop.app.Main  - 1->   Go For Registration----) 
[main] 2021-08-18 14:19:12 INFO  shop.app.Main  - 2->   Go Back  
[main] 2021-08-18 14:19:12 INFO  shop.app.Main  - Enter Your Choice
[main] 2021-08-18 14:19:12 INFO  shop.app.Main  - =============================================
[main] 2021-08-18 14:19:14 INFO  shop.app.Main  - ===================================
[main] 2021-08-18 14:19:14 INFO  shop.app.Main  -          Enter Below Details       
[main] 2021-08-18 14:19:14 INFO  shop.app.Main  - ===================================
[main] 2021-08-18 14:19:14 INFO  shop.app.Main  - Enter Your First Name
[main] 2021-08-18 14:19:17 INFO  shop.app.Main  - Enter Your Last Name
[main] 2021-08-18 14:19:27 INFO  shop.app.Main  - Enter Your Email Name
[main] 2021-08-18 14:19:36 INFO  shop.app.Main  - Enter Your Password Name
[main] 2021-08-18 14:19:47 INFO  shop.app.Main  - Hey Congratulation.......Your Account Created Successfully
[main] 2021-08-18 14:19:47 INFO  shop.app.Main  - ******Thank You******
[main] 2021-08-18 14:19:47 INFO  shop.app.Main  - Ready For Registration Process...Please Select Below Option 
[main] 2021-08-18 14:19:47 INFO  shop.app.Main  - 1->   Go For Registration----) 
[main] 2021-08-18 14:19:47 INFO  shop.app.Main  - 2->   Go Back  
[main] 2021-08-18 14:19:47 INFO  shop.app.Main  - Enter Your Choice
[main] 2021-08-18 14:19:47 INFO  shop.app.Main  - =============================================
[main] 2021-08-18 14:21:37 INFO  shop.app.Main  - *******************************************
[main] 2021-08-18 14:21:37 INFO  shop.app.Main  -      Well Come To Online Shop             
[main] 2021-08-18 14:21:37 INFO  shop.app.Main  - ********************************************
[main] 2021-08-18 14:21:37 INFO  shop.app.Main  - 1-> Create Customer Account
[main] 2021-08-18 14:21:37 INFO  shop.app.Main  - 2-> Customer Login
[main] 2021-08-18 14:21:37 INFO  shop.app.Main  - 3-> You Are Developer 
[main] 2021-08-18 14:21:37 INFO  shop.app.Main  - 4-> Exit
[main] 2021-08-18 14:21:37 INFO  shop.app.Main  - Enter Your Choice Between (1-3)
[main] 2021-08-18 14:21:37 INFO  shop.app.Main  - ==============================================
[main] 2021-08-18 14:21:40 INFO  shop.app.Main  - Ready For Registration Process...Please Select Below Option 
[main] 2021-08-18 14:21:40 INFO  shop.app.Main  - 1->   Go For Registration----) 
[main] 2021-08-18 14:21:40 INFO  shop.app.Main  - 2->   Go Back  
[main] 2021-08-18 14:21:40 INFO  shop.app.Main  - Enter Your Choice
[main] 2021-08-18 14:21:40 INFO  shop.app.Main  - =============================================
[main] 2021-08-18 14:21:42 INFO  shop.app.Main  - ===================================
[main] 2021-08-18 14:21:42 INFO  shop.app.Main  -          Enter Below Details       
[main] 2021-08-18 14:21:42 INFO  shop.app.Main  - ===================================
[main] 2021-08-18 14:21:42 INFO  shop.app.Main  - Enter Your First Name
[main] 2021-08-18 14:21:45 INFO  shop.app.Main  - Enter Your Last Name
[main] 2021-08-18 14:21:47 INFO  shop.app.Main  - Enter Your Email Name
[main] 2021-08-18 14:21:56 INFO  shop.app.Main  - Enter Your Password Name
[main] 2021-08-18 14:22:08 INFO  shop.app.Main  - Hey Congratulation.......Your Account Created Successfully
[main] 2021-08-18 14:22:08 INFO  shop.app.Main  - ******Thank You******
[main] 2021-08-18 14:22:08 INFO  shop.app.Main  - Ready For Registration Process...Please Select Below Option 
[main] 2021-08-18 14:22:08 INFO  shop.app.Main  - 1->   Go For Registration----) 
[main] 2021-08-18 14:22:08 INFO  shop.app.Main  - 2->   Go Back  
[main] 2021-08-18 14:22:08 INFO  shop.app.Main  - Enter Your Choice
[main] 2021-08-18 14:22:08 INFO  shop.app.Main  - =============================================
[main] 2021-08-18 14:46:06 INFO  shop.app.Main  - *******************************************
[main] 2021-08-18 14:46:06 INFO  shop.app.Main  -      Well Come To Online Shop             
[main] 2021-08-18 14:46:06 INFO  shop.app.Main  - ********************************************
[main] 2021-08-18 14:46:06 INFO  shop.app.Main  - 1-> Create Customer Account
[main] 2021-08-18 14:46:06 INFO  shop.app.Main  - 2-> Customer Login
[main] 2021-08-18 14:46:06 INFO  shop.app.Main  - 3-> You Are Developer 
[main] 2021-08-18 14:46:06 INFO  shop.app.Main  - 4-> Exit
[main] 2021-08-18 14:46:06 INFO  shop.app.Main  - Enter Your Choice Between (1-3)
[main] 2021-08-18 14:46:06 INFO  shop.app.Main  - ==============================================
[main] 2021-08-18 14:48:23 INFO  shop.app.Main  - *******************************************
[main] 2021-08-18 14:48:23 INFO  shop.app.Main  -      Well Come To Online Shop             
[main] 2021-08-18 14:48:23 INFO  shop.app.Main  - ********************************************
[main] 2021-08-18 14:48:23 INFO  shop.app.Main  - 1-> Create Customer Account
[main] 2021-08-18 14:48:23 INFO  shop.app.Main  - 2-> Customer Login
[main] 2021-08-18 14:48:23 INFO  shop.app.Main  - 3-> You Are Developer 
[main] 2021-08-18 14:48:23 INFO  shop.app.Main  - 4-> Exit
[main] 2021-08-18 14:48:23 INFO  shop.app.Main  - Enter Your Choice Between (1-3)
[main] 2021-08-18 14:48:23 INFO  shop.app.Main  - ==============================================
[main] 2021-08-18 15:08:19 INFO  shop.app.Main  - *******************************************
[main] 2021-08-18 15:08:20 INFO  shop.app.Main  -      Well Come To Online Shop             
[main] 2021-08-18 15:08:20 INFO  shop.app.Main  - ********************************************
[main] 2021-08-18 15:08:20 INFO  shop.app.Main  - 1-> Create Customer Account
[main] 2021-08-18 15:08:20 INFO  shop.app.Main  - 2-> Customer Login
[main] 2021-08-18 15:08:20 INFO  shop.app.Main  - 3-> You Are Developer 
[main] 2021-08-18 15:08:20 INFO  shop.app.Main  - 4-> Exit
[main] 2021-08-18 15:08:20 INFO  shop.app.Main  - Enter Your Choice Between (1-3)
[main] 2021-08-18 15:08:20 INFO  shop.app.Main  - ==============================================
[main] 2021-08-18 15:08:24 INFO  shop.app.Main  - Ready For Registration Process...Please Select Below Option 
[main] 2021-08-18 15:08:24 INFO  shop.app.Main  - 1->   Go For Registration----) 
[main] 2021-08-18 15:08:24 INFO  shop.app.Main  - 2->   Go Back  
[main] 2021-08-18 15:08:24 INFO  shop.app.Main  - Enter Your Choice
[main] 2021-08-18 15:08:24 INFO  shop.app.Main  - =============================================
[main] 2021-08-18 15:08:27 INFO  shop.app.Main  - ===================================
[main] 2021-08-18 15:08:27 INFO  shop.app.Main  -          Enter Below Details       
[main] 2021-08-18 15:08:27 INFO  shop.app.Main  - ===================================
[main] 2021-08-18 15:08:27 INFO  shop.app.Main  - Enter Your First Name
[main] 2021-08-18 15:08:31 INFO  shop.app.Main  - Enter Your Last Name
[main] 2021-08-18 15:08:35 INFO  shop.app.Main  - Enter Your Email Name
[main] 2021-08-18 15:08:40 INFO  shop.app.Main  - Enter Your Password Name
[main] 2021-08-18 15:09:01 INFO  shop.app.Main  - Hey Congratulation.......Your Account Created Successfully
[main] 2021-08-18 15:09:01 INFO  shop.app.Main  - ******Thank You******
[main] 2021-08-18 15:09:01 INFO  shop.app.Main  - =============================================================
[main] 2021-08-18 15:09:01 INFO  shop.app.Main  - Ready For Registration Process...Please Select Below Option 
[main] 2021-08-18 15:09:01 INFO  shop.app.Main  - 1->   Go For Registration----) 
[main] 2021-08-18 15:09:01 INFO  shop.app.Main  - 2->   Go Back  
[main] 2021-08-18 15:09:01 INFO  shop.app.Main  - Enter Your Choice
[main] 2021-08-18 15:09:01 INFO  shop.app.Main  - =============================================
